Copyright 1986-2016 Xilinx, Inc. All Rights Reserved.
------------------------------------------------------------------------------------
| Tool Version : Vivado v.2016.1 (lin64) Build 1538259 Fri Apr  8 15:45:23 MDT 2016
| Date         : Mon May 29 21:32:35 2017
| Host         : xilinx running 64-bit Ubuntu 16.04.2 LTS
| Command      : upgrade_ip
| Device       : xc7z020clg400-1
------------------------------------------------------------------------------------

Upgrade Log for IP 'true_color_dot_led_true_color_dot_led_0_0'

1. Summary
----------

SUCCESS in the upgrade of true_color_dot_led_true_color_dot_led_0_0 (chibiegg.net:chibiegg:true_color_dot_led:1.0) from (Rev. 9) to (Rev. 10)






Copyright 1986-2016 Xilinx, Inc. All Rights Reserved.
------------------------------------------------------------------------------------
| Tool Version : Vivado v.2016.1 (lin64) Build 1538259 Fri Apr  8 15:45:23 MDT 2016
| Date         : Mon May 29 21:13:43 2017
| Host         : xilinx running 64-bit Ubuntu 16.04.2 LTS
| Command      : upgrade_ip
| Device       : xc7z020clg400-1
------------------------------------------------------------------------------------

Upgrade Log for IP 'true_color_dot_led_true_color_dot_led_0_0'

1. Summary
----------

SUCCESS in the upgrade of true_color_dot_led_true_color_dot_led_0_0 (chibiegg.net:chibiegg:true_color_dot_led:1.0) from (Rev. 8) to (Rev. 9)






Copyright 1986-2016 Xilinx, Inc. All Rights Reserved.
------------------------------------------------------------------------------------
| Tool Version : Vivado v.2016.1 (lin64) Build 1538259 Fri Apr  8 15:45:23 MDT 2016
| Date         : Mon May 29 20:57:21 2017
| Host         : xilinx running 64-bit Ubuntu 16.04.2 LTS
| Command      : upgrade_ip
| Device       : xc7z020clg400-1
------------------------------------------------------------------------------------

Upgrade Log for IP 'true_color_dot_led_true_color_dot_led_0_0'

1. Summary
----------

SUCCESS in the upgrade of true_color_dot_led_true_color_dot_led_0_0 (chibiegg.net:chibiegg:true_color_dot_led:1.0) from (Rev. 7) to (Rev. 8)






Copyright 1986-2016 Xilinx, Inc. All Rights Reserved.
------------------------------------------------------------------------------------
| Tool Version : Vivado v.2016.1 (lin64) Build 1538259 Fri Apr  8 15:45:23 MDT 2016
| Date         : Mon May 29 20:43:22 2017
| Host         : xilinx running 64-bit Ubuntu 16.04.2 LTS
| Command      : upgrade_ip
| Device       : xc7z020clg400-1
------------------------------------------------------------------------------------

Upgrade Log for IP 'true_color_dot_led_true_color_dot_led_0_0'

1. Summary
----------

SUCCESS in the upgrade of true_color_dot_led_true_color_dot_led_0_0 (chibiegg.net:chibiegg:true_color_dot_led:1.0) from (Rev. 6) to (Rev. 7)






Copyright 1986-2016 Xilinx, Inc. All Rights Reserved.
------------------------------------------------------------------------------------
| Tool Version : Vivado v.2016.1 (lin64) Build 1538259 Fri Apr  8 15:45:23 MDT 2016
| Date         : Mon May 29 20:27:21 2017
| Host         : xilinx running 64-bit Ubuntu 16.04.2 LTS
| Command      : upgrade_ip
| Device       : xc7z020clg400-1
------------------------------------------------------------------------------------

Upgrade Log for IP 'true_color_dot_led_true_color_dot_led_0_0'

1. Summary
----------

SUCCESS in the upgrade of true_color_dot_led_true_color_dot_led_0_0 (chibiegg.net:chibiegg:true_color_dot_led:1.0) from (Rev. 4) to (Rev. 6)






Copyright 1986-2016 Xilinx, Inc. All Rights Reserved.
------------------------------------------------------------------------------------
| Tool Version : Vivado v.2016.1 (lin64) Build 1538259 Fri Apr  8 15:45:23 MDT 2016
| Date         : Sun May 28 23:29:20 2017
| Host         : xilinx running 64-bit Ubuntu 16.04.2 LTS
| Command      : upgrade_ip
| Device       : xc7z020clg400-1
------------------------------------------------------------------------------------

Upgrade Log for IP 'true_color_dot_led_true_color_dot_led_0_0'

1. Summary
----------

SUCCESS in the upgrade of true_color_dot_led_true_color_dot_led_0_0 (chibiegg.net:chibiegg:true_color_dot_led:1.0) from (Rev. 3) to (Rev. 4)






Copyright 1986-2016 Xilinx, Inc. All Rights Reserved.
------------------------------------------------------------------------------------
| Tool Version : Vivado v.2016.1 (lin64) Build 1538259 Fri Apr  8 15:45:23 MDT 2016
| Date         : Sun May 28 07:39:02 2017
| Host         : xilinx running 64-bit Ubuntu 16.04.2 LTS
| Command      : upgrade_ip
| Device       : xc7z020clg400-1
------------------------------------------------------------------------------------

Upgrade Log for IP 'true_color_dot_led_true_color_dot_led_0_0'

1. Summary
----------

CAUTION (success, with warnings) in the upgrade of true_color_dot_led_true_color_dot_led_0_0 (chibiegg.net:chibiegg:true_color_dot_led:1.0) from (Rev. 2) to (Rev. 3)

After upgrade, an IP may have parameter and port differences compared to the original customization. Please review the parameters within the IP customization GUI to ensure proper functionality. Also, please review the updated IP instantiation template to ensure proper connectivity, and update your design if required.

2. Connection Warnings
----------------------

Detected external port differences while upgrading 'true_color_dot_led_true_color_dot_led_0_0'. These changes may impact your design.


-Upgraded port 'bram_in_addr' width 13 differs from original width 14

-Upgraded port 'bram_out_addr' width 13 differs from original width 14







Copyright 1986-2016 Xilinx, Inc. All Rights Reserved.
------------------------------------------------------------------------------------
| Tool Version : Vivado v.2016.1 (lin64) Build 1538259 Fri Apr  8 15:45:23 MDT 2016
| Date         : Sun May 28 07:30:43 2017
| Host         : xilinx running 64-bit Ubuntu 16.04.2 LTS
| Command      : upgrade_ip
| Device       : xc7z020clg400-1
------------------------------------------------------------------------------------

Upgrade Log for IP 'true_color_dot_led_true_color_dot_led_0_0'

1. Summary
----------

CAUTION (success, with warnings) in the upgrade of true_color_dot_led_true_color_dot_led_0_0 (chibiegg.net:chibiegg:true_color_dot_led:1.0) from (Rev. 1) to (Rev. 2)

After upgrade, an IP may have parameter and port differences compared to the original customization. Please review the parameters within the IP customization GUI to ensure proper functionality. Also, please review the updated IP instantiation template to ensure proper connectivity, and update your design if required.

2. Connection Warnings
----------------------

Detected external port differences while upgrading 'true_color_dot_led_true_color_dot_led_0_0'. These changes may impact your design.


-Upgraded port 'bram_in_addr' width 14 differs from original width 12

-Upgraded port 'bram_out_addr' width 14 differs from original width 12


